BILL.billid  BILL.iid  BILL.amount  BILL.remarks  
96	128	694	cwkkqvhckdkfgmuapdqejiplhntfvsvreijlynpxxyrq	
71	138	1435	ggmwieyjqndvuykfcsqmfgrafykiutqqdhhlelomiejo	
78	193	1873	ftombkeubfdqxjpplizprexxhydwqbhqdphvvnabeloq	
149	198	1221	fszjhsuufkdbkdficggdducvcmbsxyjyysnlecffraxk	
47	154	1054	aczixcckvgvndmnufttxiuyxviinainjswymyoujuyav	
63	175	736	erhogtkenrkvmgunnqrwstzksseqsuoebqrcmwmnnowv	
138	143	358	ksfzlliggstcvhpeqwtjzcypjkqlhfwldicltqnemscp	
177	151	2251	qtletmwystjrnupaeibyxhvctgedoaawwbiaeuteagrr	
114	172	475	dbrieoakdncfokremzoshwiumjypmquxfwjgncqotwrk	
195	193	596	hjpbvlusyequjufqonyzappiywoltqnctuupqquvzspt	
125	140	583	vxklxffctffnhzcxoqafsskjnqjctgpmknvdwvcvrwog	
124	136	1870	xhosqgnodtfbtniuisxtffoejtjwbbjdwmdypmxtlvqp	
113	184	2167	ixowmjcojjqgjttvzgcczrjbyhjvjhyqctjrqjzrwzhw	
120	161	1569	xmpofyulfjfguddkdcehaufiptguwqxoimqwekqncuit	
65	120	1684	iwowrsorydexhsrgrusobooasxsvqjdhslahgnjqjjnm	
167	132	89	tageqapdyohpadykszbwlnuotdpqouqrvrsdnxnabwuq	
192	171	2413	jdnwduomolhdzmsjlqddrxiihyprranqsftouvitmohp	
169	190	1231	jgdwjfokxetguzpzsbyraaavuazffbwvwlgqpxpalpie	
58	112	2101	iqpqoeyvhytyqbmmohopucrpyatagttuhxkjbmqxaejk	
64	114	2177	sakpknpbnapmtqbkineybwadggdsallsaxexrbcwmqff	
198	189	859	wflwqjetxxzojdhtdzcqjqlteavvlnokefhrnqclxbdl	
139	153	1097	trvlbowazxrrrkmucvflyvdizrwqoqenadzkskdwnbjx	
70	152	317	mbccvpzatnkvlmuzepvxbhwvcigtlwzryarnmolswlji	
49	188	1314	ytbsstgjijjfrgdpyutpsgkubsgohitelccxqxnhkslt	
45	188	1549	dgpjcdluvpdjzbnhpiksyxxwgisomzkyzhgtbbewrxhm	
166	119	92	fhwbcwhsamaclhuyfiguhqspwprkrumhzerfdcnxhike	
185	127	1380	hotvugmtgadcdslyudqiikbezopshdmstjitxmuukrik	
140	167	522	hfqivmuqixncfulkmbcbfgulyovrfjyrdqxunyfmihdq	
50	199	1130	mqwkfagblhpdgzwjxxqwtpszgmrgmjygfwvnjonceotv	
163	134	1744	hwqeuubphkebvhjonpuftnolznjfueczwvbnxvyeyiok	
54	133	1588	fsevaxrxvpdmnlxxueclebszvjymsboezbyscgznfdyw	
87	186	1914	nbphgqbzigvqtcnhwtyxuzppmnvyabuwsvlzykkcycbs	
109	170	198	xwjffhywnmggzbupqbfxuilsqakkdlsvtcfdwktmzlpl	
112	174	2336	xmqcnqemqrtvrzsupieekkfgclzxcmsecwwrtwljigkk	
196	180	2219	zxdekdolpfrvgofebispqypxkxbtrvuaffijjajolcix	
62	134	1999	elyfcqttgiagjyiygxydqmrjqxgsaekhwipetzwtnetj	
88	159	1393	qqqaagdckzkpyujdixgugrmqsmxknhslmltfopfwjigm	
48	184	54	slraergjtxecfyeofykivbkqbqxatqtjydzeewighqzg	
130	120	1657	xotetooiubnggdcxxertbxlyvrlexvlnrjtrgntproai	
82	148	1236	xetzpyvohqwaqzkjzmoqiwhuqghacbiivoodrvqujofi	
86	181	85	degoxzvjbfzcxctuavagmukjxndjhptrlhcfncukyyir	
176	169	168	tpzebpxoskbzrdhjavandctkytmngqwosckfgowxllyy	
131	108	1203	ymqminfvdgvnoeszgxlmnqfzmrpshthxfiofjgaltpbe	
121	101	1591	fefjartjhijyscodklvpyiqzetadxfkijqielfhjtxmz	
80	173	978	knbbzugximsgficaioihkiflwiqrmsmfufhfadetmilb	
165	136	1126	ljmuviakyjqczggupnaxmtgbfwaknvkeicgdxgjmkaff	
174	151	577	rqcxlpmrbftchbdctnuzpjoxypbmywwpmyrtxfwvqrnq	
56	185	1987	jlxvbjpjdawdxllgczcsdclbseyzwbtxlxjeqmbjxemi	
46	139	2416	wsxshrbryywgoakscmgmpbwqjvzlbgehmloyvkalnwje	
186	108	457	viofrxdugklxuysyparzqiyzzslqcepmivraitjkaqlx	
190	124	717	bauxadziokiwahadjngpwyywsyfnyzewwcaztgpcxbtg	
75	163	126	tsuhpfpjsabxabumqkgmdfyxrhwswngkixchdaikhafk	
180	142	1620	nzqamofistlbrojkbsayemlzfyjbhsvmqgqosmmnvmpg	
155	196	1169	bkwamaqyutkxiodncslnocmvcdzgjlorajvjctfzmluc	
106	134	2423	hpvmmofzdcbnsjrtkawplwnsmkqwmzaphwinlsdfktcc	
182	190	973	zypaqifucswfovdbmtbfmyxxdajeqybgkaqyedchkzfy	
42	116	1500	bvnmufwgousialcqaltuhefyeyzfpnszfarixqukdyvv	
172	177	1154	cmomuwgrceccepprgekblhpqzcotdguukwxpembffetf	
101	103	1359	tkkbddpvaamaauetapwcrzfzfhutjhyojrpyjoyxzejo	
97	134	1644	mtdjelabzhonmdlayjduajwvfounokozxabdewehwqlp	
159	165	721	nbunmhrxfzlbjerhdsanrjbgvpejdckeidqycqneypqx	
194	105	1677	gazxuypwkrctptzxptgdamxpogvgsalbwbiklhviiipl	
57	145	2159	usxmcffemcqtjzeqtwfwszukefvslbkkcbvtnkjymspu	
134	168	1362	htmymxngfjjxmcgecaektpfwbiqrvfwukcrmhkrjvfbd	
173	152	2256	chgmeuzgxobyebdteuifrxocfoleguwhdpicykhuqmuj	
170	139	1789	cvxicwhpixcupuftupoajydzetnpmrbzapxamtktqtmh	
168	173	1494	zjnhinwandqrdpjoqhgsmerbxawhfjxalpzgsxkhqcpl	
146	127	89	sfrhzjgmqmlpaityzhxultyktcxgxakwaoesipwidixr	
117	122	1514	tqxvydqheszveoznbwcicbjgziaydfdaydlnmreucdqq	
119	172	963	amjjfkepnnoflihxdwqdewepwgdfuwthhcovgalundae	
162	156	2049	sirgmjqzfckyfsnfmplhvjahutfywskvjcwuxnbcsvlt	
104	162	626	secbpkbwzoivaucouvsloffeshfktstohcsoojvavlal	
135	109	489	nhxmlnwuvrgvkjjhnnfbazxpgiwstqgbnawzwriuzkkj	
160	109	1592	evwkqixixfjulqpuwceupiyzvsqfmtvrcjfqahmxmtwf	
102	190	764	jdvccoomgrfqqdcrovncncayxekcheuutlnhjfqlfqpj	
91	135	2497	nehrxwhlhoupcwsefkamdascenzgwjharpmccfxeuiph	
73	135	1610	nuukjrlujmacuvaopbrriulgzubhhuqsvtsftjplcdfn	
84	168	1704	bmmrfxjfconkjjmrkmfqjiobiymdwsltrcpagdouvgfg	
77	195	524	zaanpndhkrcacfmhgthsobgavfyaivxncwjuibqrnneb	
105	118	1414	vlgjcamzbeuvpifxsauhnokqcfmluhrojcztawssbenm	
43	168	2275	kobqwcyazilwnggdouzoexebkblqacsmuwkxhlegehcd	
51	162	2107	tzfbvprgidhbosmeppctmpujksjyuxjeelkxkmfsdjcb	
122	189	2490	ldunhwmkbgimreciykbagkenqeadpwjlklmzazqujrxv	
136	154	38	fajhhhcjrchtuqxdzuhvvnkagbhakshlvolitzzggysv	
142	186	1333	qqqontjtxrzymemnwlhwcstwovhtyqocjkxzcelwqakn	
52	189	129	szoafhpehmsauuhkiqllmaqxtxdtpmilztczsjjfvjqe	
99	102	2320	wlcroeglqifxqkrgitkvraounrbegthiywjyplqzfppc	
107	143	2422	nyyvutdjffdihxzscgatitxaukutmsokdotizfqzotwe	
158	122	1104	nclkyzinurtmnhxuqruusdfzaqqyunncrefclndxgutg	
